<?xml version="1.0" encoding="UTF-8"?>
<testsuite xmlns:xsi="http://www.w3.org/2001/XMLSchema-instance" xsi:noNamespaceSchemaLocation="https://maven.apache.org/surefire/maven-surefire-plugin/xsd/surefire-test-report.xsd" version="3.0.2" name="com.ecms.EcmsApplicationTests" time="5.952" tests="1" errors="0" skipped="0" failures="0">
  <properties>
[...]
</properties>
  <testcase name="contextLoads" classname="com.ecms.EcmsApplicationTests" time="0.474">
    <system-out><![CDATA[13:03:30.607 [main] INFO org.springframework.test.context.support.AnnotationConfigContextLoaderUtils -- Could not detect default configuration classes for test class [com.ecms.EcmsApplicationTests]: EcmsApplicationTests does not declare any static, non-private, non-final, nested classes annotated with @Configuration.
13:03:30.707 [main] INFO org.springframework.boot.test.context.SpringBootTestContextBootstrapper -- Found @SpringBootConfiguration com.ecms.EcmsApplication for test class com.ecms.EcmsApplicationTests

  .   ____          _            __ _ _
 /\\ / ___'_ __ _ _(_)_ __  __ _ \ \ \ \
( ( )\___ | '_ | '_| | '_ \/ _` | \ \ \ \
 \\/  ___)| |_)| | | | | || (_| |  ) ) ) )
  '  |____| .__|_| |_|_| |_\__, | / / / /
 =========|_|==============|___/=/_/_/_/

 :: Spring Boot ::                (v3.4.4)

2025-04-02T13:03:31.226+08:00  INFO 3788 --- [ecms] [           main] com.ecms.EcmsApplicationTests            : Starting EcmsApplicationTests using Java 17.0.7 with PID 3788 (started by 44113 in E:\ecms)
2025-04-02T13:03:31.227+08:00  INFO 3788 --- [ecms] [           main] com.ecms.EcmsApplicationTests            : No active profile set, falling back to 1 default profile: "default"
2025-04-02T13:03:32.165+08:00  INFO 3788 --- [ecms] [           main] .s.d.r.c.RepositoryConfigurationDelegate : Bootstrapping Spring Data JPA repositories in DEFAULT mode.
2025-04-02T13:03:32.194+08:00  INFO 3788 --- [ecms] [           main] .s.d.r.c.RepositoryConfigurationDelegate : Finished Spring Data repository scanning in 10 ms. Found 0 JPA repository interfaces.
2025-04-02T13:03:32.878+08:00  INFO 3788 --- [ecms] [           main] o.hibernate.jpa.internal.util.LogHelper  : HHH000204: Processing PersistenceUnitInfo [name: default]
2025-04-02T13:03:32.950+08:00  INFO 3788 --- [ecms] [           main] org.hibernate.Version                    : HHH000412: Hibernate ORM core version 6.6.11.Final
2025-04-02T13:03:33.017+08:00  INFO 3788 --- [ecms] [           main] o.h.c.internal.RegionFactoryInitiator    : HHH000026: Second-level cache disabled
2025-04-02T13:03:33.449+08:00  INFO 3788 --- [ecms] [           main] o.s.o.j.p.SpringPersistenceUnitInfo      : No LoadTimeWeaver setup: ignoring JPA class transformer
2025-04-02T13:03:33.501+08:00  INFO 3788 --- [ecms] [           main] com.zaxxer.hikari.HikariDataSource       : HikariPool-1 - Starting...
2025-04-02T13:03:33.641+08:00  INFO 3788 --- [ecms] [           main] com.zaxxer.hikari.pool.HikariPool        : HikariPool-1 - Added connection com.mysql.cj.jdbc.ConnectionImpl@4ecd8ab1
2025-04-02T13:03:33.643+08:00  INFO 3788 --- [ecms] [           main] com.zaxxer.hikari.HikariDataSource       : HikariPool-1 - Start completed.
2025-04-02T13:03:33.684+08:00  WARN 3788 --- [ecms] [           main] org.hibernate.orm.deprecation            : HHH90000025: MySQL8Dialect does not need to be specified explicitly using 'hibernate.dialect' (remove the property setting and it will be selected by default)
2025-04-02T13:03:33.685+08:00  WARN 3788 --- [ecms] [           main] org.hibernate.orm.deprecation            : HHH90000026: MySQL8Dialect has been deprecated; use org.hibernate.dialect.MySQLDialect instead
2025-04-02T13:03:33.700+08:00  INFO 3788 --- [ecms] [           main] org.hibernate.orm.connections.pooling    : HHH10001005: Database info:
	Database JDBC URL [Connecting through datasource 'HikariDataSource (HikariPool-1)']
	Database driver: undefined/unknown
	Database version: 8.0
	Autocommit mode: undefined/unknown
	Isolation level: undefined/unknown
	Minimum pool size: undefined/unknown
	Maximum pool size: undefined/unknown
2025-04-02T13:03:34.322+08:00  INFO 3788 --- [ecms] [           main] o.h.e.t.j.p.i.JtaPlatformInitiator       : HHH000489: No JTA platform available (set 'hibernate.transaction.jta.platform' to enable JTA platform integration)
2025-04-02T13:03:34.371+08:00  INFO 3788 --- [ecms] [           main] j.LocalContainerEntityManagerFactoryBean : Initialized JPA EntityManagerFactory for persistence unit 'default'
2025-04-02T13:03:34.601+08:00  WARN 3788 --- [ecms] [           main] JpaBaseConfiguration$JpaWebConfiguration : spring.jpa.open-in-view is enabled by default. Therefore, database queries may be performed during view rendering. Explicitly configure spring.jpa.open-in-view to disable this warning
2025-04-02T13:03:35.888+08:00  INFO 3788 --- [ecms] [           main] com.ecms.EcmsApplicationTests            : Started EcmsApplicationTests in 5.006 seconds (process running for 5.965)
]]></system-out>
  </testcase>
</testsuite>